mode: set
rest-api-redis/internal/handlers/handler_repository.go:9.62,13.2 1 0
rest-api-redis/internal/handlers/user.go:20.72,24.2 1 1
rest-api-redis/internal/handlers/user.go:26.54,28.44 2 1
rest-api-redis/internal/handlers/user.go:28.44,30.3 1 1
rest-api-redis/internal/handlers/user.go:32.2,33.19 2 1
rest-api-redis/internal/handlers/user.go:33.19,35.3 1 1
rest-api-redis/internal/handlers/user.go:37.2,39.16 2 1
rest-api-redis/internal/handlers/user.go:39.16,41.3 1 0
rest-api-redis/internal/handlers/user.go:43.2,43.89 1 1
rest-api-redis/internal/handlers/user.go:46.51,48.18 2 1
rest-api-redis/internal/handlers/user.go:48.18,50.3 1 0
rest-api-redis/internal/handlers/user.go:52.2,55.16 3 1
rest-api-redis/internal/handlers/user.go:55.16,57.3 1 0
rest-api-redis/internal/handlers/user.go:59.2,59.86 1 1
rest-api-redis/internal/handlers/user.go:62.52,73.16 7 1
rest-api-redis/internal/handlers/user.go:73.16,75.3 1 0
rest-api-redis/internal/handlers/user.go:76.2,88.93 2 1
rest-api-redis/internal/handlers/user.go:91.54,93.18 2 1
rest-api-redis/internal/handlers/user.go:93.18,95.3 1 0
rest-api-redis/internal/handlers/user.go:97.2,100.69 3 1
rest-api-redis/internal/handlers/user.go:100.69,102.3 1 0
rest-api-redis/internal/handlers/user.go:104.2,106.16 2 1
rest-api-redis/internal/handlers/user.go:106.16,108.3 1 0
rest-api-redis/internal/handlers/user.go:110.2,110.129 1 1
rest-api-redis/internal/handlers/user.go:113.54,115.18 2 1
rest-api-redis/internal/handlers/user.go:115.18,117.3 1 0
rest-api-redis/internal/handlers/user.go:118.2,123.69 4 1
rest-api-redis/internal/handlers/user.go:123.69,125.3 1 0
rest-api-redis/internal/handlers/user.go:126.2,129.19 3 1
rest-api-redis/internal/handlers/user.go:129.19,132.3 1 0
rest-api-redis/internal/handlers/user.go:134.2,138.16 4 1
rest-api-redis/internal/handlers/user.go:138.16,140.3 1 0
rest-api-redis/internal/handlers/user.go:142.2,142.123 1 1
rest-api-redis/pkg/repository/repository.go:9.46,12.2 2 0
rest-api-redis/pkg/repository/user_repository.go:21.56,23.2 1 0
rest-api-redis/pkg/repository/user_repository.go:25.78,29.2 3 1
rest-api-redis/pkg/repository/user_repository.go:31.65,35.2 3 1
rest-api-redis/pkg/repository/user_repository.go:37.74,40.2 2 1
rest-api-redis/pkg/repository/user_repository.go:42.74,45.2 2 1
rest-api-redis/pkg/repository/user_repository.go:47.48,49.2 1 1
